<?xml version="1.0" encoding="UTF-8"?>
<testng-results ignored="0" total="1" passed="1" failed="0" skipped="0">
  <reporter-output>
  </reporter-output>
  <suite started-at="2025-09-27T14:51:14 IST" name="Default suite" finished-at="2025-09-27T14:51:27 IST" duration-ms="13483">
    <groups>
    </groups>
    <test started-at="2025-09-27T14:51:14 IST" name="Default test" finished-at="2025-09-27T14:51:27 IST" duration-ms="13483">
      <class name="automation.ApplicationTest">
        <test-method signature="mainTest()[pri:0, instance:automation.ApplicationTest@7722c3c3]" started-at="2025-09-27T14:51:14 IST" name="mainTest" finished-at="2025-09-27T14:51:27 IST" duration-ms="13411" status="PASS">
          <reporter-output>
          </reporter-output>
        </test-method> <!-- mainTest -->
      </class> <!-- automation.ApplicationTest -->
    </test> <!-- Default test -->
  </suite> <!-- Default suite -->
</testng-results>
